app/build/outputs/apk/manifest-merger-debug-report.txt
-- Merging decision tree log ---
manifest
ADDED from AndroidManifest.xml:1:1
	xmlns:android
		ADDED from AndroidManifest.xml:2:2
	package
		ADDED from AndroidManifest.xml:5:2
		INJECTED from AndroidManifest.xml:0:0
		INJECTED from AndroidManifest.xml:0:0
	android:versionName
		ADDED from AndroidManifest.xml:4:2
	android:versionCode
		ADDED from AndroidManifest.xml:3:2
		INJECTED from AndroidManifest.xml:0:0
		INJECTED from AndroidManifest.xml:0:0
uses-sdk
ADDED from AndroidManifest.xml:6:1
	android:targetSdkVersion
		INJECTED from AndroidManifest.xml:0:0
		INJECTED from AndroidManifest.xml:0:0
	android:minSdkVersion
		ADDED from AndroidManifest.xml:6:11
		INJECTED from AndroidManifest.xml:0:0
		INJECTED from AndroidManifest.xml:0:0
application
ADDED from AndroidManifest.xml:7:1
	android:label
		ADDED from AndroidManifest.xml:9:2
	android:debuggable
		ADDED from AndroidManifest.xml:7:14
	android:icon
		ADDED from AndroidManifest.xml:8:2
activity#net.aeracoop.flone.remote.FloneRemote
ADDED from AndroidManifest.xml:10:2
	android:screenOrientation
		ADDED from AndroidManifest.xml:11:3
	android:configChanges
		ADDED from AndroidManifest.xml:12:3
	android:name
		ADDED from AndroidManifest.xml:10:12
intent-filter#android.intent.action.MAIN+android.intent.category.LAUNCHER
ADDED from AndroidManifest.xml:13:3
action#android.intent.action.MAIN
ADDED from AndroidManifest.xml:14:4
	android:name
		ADDED from AndroidManifest.xml:14:12
category#android.intent.category.LAUNCHER
ADDED from AndroidManifest.xml:15:5
	android:name
		ADDED from AndroidManifest.xml:15:15
uses-permission#android.permission.BLUETOOTH
ADDED from AndroidManifest.xml:19:1
	android:name
		ADDED from AndroidManifest.xml:19:18
uses-permission#android.permission.BLUETOOTH_ADMIN
ADDED from AndroidManifest.xml:20:1
	android:name
		ADDED from AndroidManifest.xml:20:18
uses-permission#android.permission.VIBRATE
ADDED from AndroidManifest.xml:21:1
	android:name
		ADDED from AndroidManifest.xml:21:18